DEPRECATION WARNING: exempt_from_layout is no longer needed, because layouts in Rails 3 are restricted to the content-type of the template that was rendered. (called from require at /Users/jeremysenn/.rvm/gems/ruby-1.8.7-p352@global/gems/bundler-1.0.21/lib/bundler/runtime.rb:68)
/Users/jeremysenn/.rvm/gems/ruby-1.8.7-p352@rails304/gems/actionpack-3.0.4/lib/action_dispatch/http/mime_type.rb:98: warning: already initialized constant JPG
DEPRECATION WARNING: exempt_from_layout is no longer needed, because layouts in Rails 3 are restricted to the content-type of the template that was rendered. (called from require at /Users/jeremysenn/.rvm/gems/ruby-1.8.7-p352@global/gems/bundler-1.0.21/lib/bundler/runtime.rb:68)
/Users/jeremysenn/.rvm/gems/ruby-1.8.7-p352@rails304/gems/actionpack-3.0.4/lib/action_dispatch/http/mime_type.rb:98: warning: already initialized constant JPG
DEPRECATION WARNING: exempt_from_layout is no longer needed, because layouts in Rails 3 are restricted to the content-type of the template that was rendered. (called from require at /Users/jeremysenn/.rvm/gems/ruby-1.8.7-p352@global/gems/bundler-1.0.21/lib/bundler/runtime.rb:68)
/Users/jeremysenn/.rvm/gems/ruby-1.8.7-p352@rails304/gems/actionpack-3.0.4/lib/action_dispatch/http/mime_type.rb:98: warning: already initialized constant JPG
DEPRECATION WARNING: exempt_from_layout is no longer needed, because layouts in Rails 3 are restricted to the content-type of the template that was rendered. (called from require at /Users/jeremysenn/.rvm/gems/ruby-1.8.7-p352@global/gems/bundler-1.0.21/lib/bundler/runtime.rb:68)
/Users/jeremysenn/.rvm/gems/ruby-1.8.7-p352@rails304/gems/actionpack-3.0.4/lib/action_dispatch/http/mime_type.rb:98: warning: already initialized constant JPG
DEPRECATION WARNING: exempt_from_layout is no longer needed, because layouts in Rails 3 are restricted to the content-type of the template that was rendered. (called from require at /Users/jeremysenn/.rvm/gems/ruby-1.8.7-p352@global/gems/bundler-1.0.21/lib/bundler/runtime.rb:68)
/Users/jeremysenn/.rvm/gems/ruby-1.8.7-p352@rails304/gems/actionpack-3.0.4/lib/action_dispatch/http/mime_type.rb:98: warning: already initialized constant JPG
DEPRECATION WARNING: exempt_from_layout is no longer needed, because layouts in Rails 3 are restricted to the content-type of the template that was rendered. (called from require at /Users/jeremysenn/.rvm/gems/ruby-1.8.7-p352@global/gems/bundler-1.0.21/lib/bundler/runtime.rb:68)
/Users/jeremysenn/.rvm/gems/ruby-1.8.7-p352@rails304/gems/actionpack-3.0.4/lib/action_dispatch/http/mime_type.rb:98: warning: already initialized constant JPG
DEPRECATION WARNING: exempt_from_layout is no longer needed, because layouts in Rails 3 are restricted to the content-type of the template that was rendered. (called from require at /Users/jeremysenn/.rvm/gems/ruby-1.8.7-p352@global/gems/bundler-1.0.21/lib/bundler/runtime.rb:68)
/Users/jeremysenn/.rvm/gems/ruby-1.8.7-p352@rails304/gems/actionpack-3.0.4/lib/action_dispatch/http/mime_type.rb:98: warning: already initialized constant JPG
DEPRECATION WARNING: exempt_from_layout is no longer needed, because layouts in Rails 3 are restricted to the content-type of the template that was rendered. (called from require at /Users/jeremysenn/.rvm/gems/ruby-1.8.7-p352@global/gems/bundler-1.0.21/lib/bundler/runtime.rb:68)
/Users/jeremysenn/.rvm/gems/ruby-1.8.7-p352@rails304/gems/actionpack-3.0.4/lib/action_dispatch/http/mime_type.rb:98: warning: already initialized constant JPG
DEPRECATION WARNING: exempt_from_layout is no longer needed, because layouts in Rails 3 are restricted to the content-type of the template that was rendered. (called from require at /Users/jeremysenn/.rvm/gems/ruby-1.8.7-p352@global/gems/bundler-1.0.21/lib/bundler/runtime.rb:68)
/Users/jeremysenn/.rvm/gems/ruby-1.8.7-p352@rails304/gems/actionpack-3.0.4/lib/action_dispatch/http/mime_type.rb:98: warning: already initialized constant JPG
DEPRECATION WARNING: exempt_from_layout is no longer needed, because layouts in Rails 3 are restricted to the content-type of the template that was rendered. (called from require at /Users/jeremysenn/.rvm/gems/ruby-1.8.7-p352@global/gems/bundler-1.0.21/lib/bundler/runtime.rb:68)
/Users/jeremysenn/.rvm/gems/ruby-1.8.7-p352@rails304/gems/actionpack-3.0.4/lib/action_dispatch/http/mime_type.rb:98: warning: already initialized constant JPG
DEPRECATION WARNING: exempt_from_layout is no longer needed, because layouts in Rails 3 are restricted to the content-type of the template that was rendered. (called from require at /Users/jeremysenn/.rvm/gems/ruby-1.8.7-p352@global/gems/bundler-1.0.21/lib/bundler/runtime.rb:68)
/Users/jeremysenn/.rvm/gems/ruby-1.8.7-p352@rails304/gems/actionpack-3.0.4/lib/action_dispatch/http/mime_type.rb:98: warning: already initialized constant JPG
DEPRECATION WARNING: exempt_from_layout is no longer needed, because layouts in Rails 3 are restricted to the content-type of the template that was rendered. (called from require at /Users/jeremysenn/.rvm/gems/ruby-1.8.7-p352@global/gems/bundler-1.0.21/lib/bundler/runtime.rb:68)
/Users/jeremysenn/.rvm/gems/ruby-1.8.7-p352@rails304/gems/actionpack-3.0.4/lib/action_dispatch/http/mime_type.rb:98: warning: already initialized constant JPG
DEPRECATION WARNING: exempt_from_layout is no longer needed, because layouts in Rails 3 are restricted to the content-type of the template that was rendered. (called from require at /Users/jeremysenn/.rvm/gems/ruby-1.8.7-p352@global/gems/bundler-1.0.21/lib/bundler/runtime.rb:68)
/Users/jeremysenn/.rvm/gems/ruby-1.8.7-p352@rails304/gems/actionpack-3.0.4/lib/action_dispatch/http/mime_type.rb:98: warning: already initialized constant JPG
DEPRECATION WARNING: exempt_from_layout is no longer needed, because layouts in Rails 3 are restricted to the content-type of the template that was rendered. (called from require at /Users/jeremysenn/.rvm/gems/ruby-1.8.7-p352@global/gems/bundler-1.0.21/lib/bundler/runtime.rb:68)
/Users/jeremysenn/.rvm/gems/ruby-1.8.7-p352@rails304/gems/actionpack-3.0.4/lib/action_dispatch/http/mime_type.rb:98: warning: already initialized constant JPG
DEPRECATION WARNING: exempt_from_layout is no longer needed, because layouts in Rails 3 are restricted to the content-type of the template that was rendered. (called from require at /Users/jeremysenn/.rvm/gems/ruby-1.8.7-p352@global/gems/bundler-1.0.21/lib/bundler/runtime.rb:68)
/Users/jeremysenn/.rvm/gems/ruby-1.8.7-p352@rails304/gems/actionpack-3.0.4/lib/action_dispatch/http/mime_type.rb:98: warning: already initialized constant JPG
DEPRECATION WARNING: exempt_from_layout is no longer needed, because layouts in Rails 3 are restricted to the content-type of the template that was rendered. (called from require at /Users/jeremysenn/.rvm/gems/ruby-1.8.7-p352@global/gems/bundler-1.0.21/lib/bundler/runtime.rb:68)
/Users/jeremysenn/.rvm/gems/ruby-1.8.7-p352@rails304/gems/actionpack-3.0.4/lib/action_dispatch/http/mime_type.rb:98: warning: already initialized constant JPG
DEPRECATION WARNING: exempt_from_layout is no longer needed, because layouts in Rails 3 are restricted to the content-type of the template that was rendered. (called from require at /Users/jeremysenn/.rvm/gems/ruby-1.8.7-p352@global/gems/bundler-1.0.21/lib/bundler/runtime.rb:68)
/Users/jeremysenn/.rvm/gems/ruby-1.8.7-p352@rails304/gems/actionpack-3.0.4/lib/action_dispatch/http/mime_type.rb:98: warning: already initialized constant JPG
DEPRECATION WARNING: exempt_from_layout is no longer needed, because layouts in Rails 3 are restricted to the content-type of the template that was rendered. (called from require at /Users/jeremysenn/.rvm/gems/ruby-1.8.7-p352@global/gems/bundler-1.0.21/lib/bundler/runtime.rb:68)
/Users/jeremysenn/.rvm/gems/ruby-1.8.7-p352@rails304/gems/actionpack-3.0.4/lib/action_dispatch/http/mime_type.rb:98: warning: already initialized constant JPG
DEPRECATION WARNING: exempt_from_layout is no longer needed, because layouts in Rails 3 are restricted to the content-type of the template that was rendered. (called from require at /Users/jeremysenn/.rvm/gems/ruby-1.8.7-p352@global/gems/bundler-1.0.21/lib/bundler/runtime.rb:68)
/Users/jeremysenn/.rvm/gems/ruby-1.8.7-p352@rails304/gems/actionpack-3.0.4/lib/action_dispatch/http/mime_type.rb:98: warning: already initialized constant JPG
DEPRECATION WARNING: exempt_from_layout is no longer needed, because layouts in Rails 3 are restricted to the content-type of the template that was rendered. (called from require at /Users/jeremysenn/.rvm/gems/ruby-1.8.7-p352@global/gems/bundler-1.0.21/lib/bundler/runtime.rb:68)
/Users/jeremysenn/.rvm/gems/ruby-1.8.7-p352@rails304/gems/actionpack-3.0.4/lib/action_dispatch/http/mime_type.rb:98: warning: already initialized constant JPG
DEPRECATION WARNING: exempt_from_layout is no longer needed, because layouts in Rails 3 are restricted to the content-type of the template that was rendered. (called from require at /Users/jeremysenn/.rvm/gems/ruby-1.8.7-p352@global/gems/bundler-1.0.21/lib/bundler/runtime.rb:68)
/Users/jeremysenn/.rvm/gems/ruby-1.8.7-p352@rails304/gems/actionpack-3.0.4/lib/action_dispatch/http/mime_type.rb:98: warning: already initialized constant JPG
DEPRECATION WARNING: exempt_from_layout is no longer needed, because layouts in Rails 3 are restricted to the content-type of the template that was rendered. (called from require at /Users/jeremysenn/.rvm/gems/ruby-1.8.7-p352@global/gems/bundler-1.0.21/lib/bundler/runtime.rb:68)
/Users/jeremysenn/.rvm/gems/ruby-1.8.7-p352@rails304/gems/actionpack-3.0.4/lib/action_dispatch/http/mime_type.rb:98: warning: already initialized constant JPG
DEPRECATION WARNING: exempt_from_layout is no longer needed, because layouts in Rails 3 are restricted to the content-type of the template that was rendered. (called from require at /Users/jeremysenn/.rvm/gems/ruby-1.8.7-p352@global/gems/bundler-1.0.21/lib/bundler/runtime.rb:68)
/Users/jeremysenn/.rvm/gems/ruby-1.8.7-p352@rails304/gems/actionpack-3.0.4/lib/action_dispatch/http/mime_type.rb:98: warning: already initialized constant JPG
DEPRECATION WARNING: exempt_from_layout is no longer needed, because layouts in Rails 3 are restricted to the content-type of the template that was rendered. (called from require at /Users/jeremysenn/.rvm/gems/ruby-1.8.7-p352@global/gems/bundler-1.0.21/lib/bundler/runtime.rb:68)
/Users/jeremysenn/.rvm/gems/ruby-1.8.7-p352@rails304/gems/actionpack-3.0.4/lib/action_dispatch/http/mime_type.rb:98: warning: already initialized constant JPG
DEPRECATION WARNING: exempt_from_layout is no longer needed, because layouts in Rails 3 are restricted to the content-type of the template that was rendered. (called from require at /Users/jeremysenn/.rvm/gems/ruby-1.8.7-p352@global/gems/bundler-1.0.21/lib/bundler/runtime.rb:68)
/Users/jeremysenn/.rvm/gems/ruby-1.8.7-p352@rails304/gems/actionpack-3.0.4/lib/action_dispatch/http/mime_type.rb:98: warning: already initialized constant JPG
DEPRECATION WARNING: exempt_from_layout is no longer needed, because layouts in Rails 3 are restricted to the content-type of the template that was rendered. (called from require at /Users/jeremysenn/.rvm/gems/ruby-1.8.7-p352@global/gems/bundler-1.0.21/lib/bundler/runtime.rb:68)
/Users/jeremysenn/.rvm/gems/ruby-1.8.7-p352@rails304/gems/actionpack-3.0.4/lib/action_dispatch/http/mime_type.rb:98: warning: already initialized constant JPG
DEPRECATION WARNING: exempt_from_layout is no longer needed, because layouts in Rails 3 are restricted to the content-type of the template that was rendered. (called from require at /Users/jeremysenn/.rvm/gems/ruby-1.8.7-p352@global/gems/bundler-1.0.21/lib/bundler/runtime.rb:68)
/Users/jeremysenn/.rvm/gems/ruby-1.8.7-p352@rails304/gems/actionpack-3.0.4/lib/action_dispatch/http/mime_type.rb:98: warning: already initialized constant JPG
DEPRECATION WARNING: exempt_from_layout is no longer needed, because layouts in Rails 3 are restricted to the content-type of the template that was rendered. (called from require at /Users/jeremysenn/.rvm/gems/ruby-1.8.7-p352@global/gems/bundler-1.0.21/lib/bundler/runtime.rb:68)
/Users/jeremysenn/.rvm/gems/ruby-1.8.7-p352@rails304/gems/actionpack-3.0.4/lib/action_dispatch/http/mime_type.rb:98: warning: already initialized constant JPG
DEPRECATION WARNING: exempt_from_layout is no longer needed, because layouts in Rails 3 are restricted to the content-type of the template that was rendered. (called from require at /Users/jeremysenn/.rvm/gems/ruby-1.8.7-p352@global/gems/bundler-1.0.21/lib/bundler/runtime.rb:68)
/Users/jeremysenn/.rvm/gems/ruby-1.8.7-p352@rails304/gems/actionpack-3.0.4/lib/action_dispatch/http/mime_type.rb:98: warning: already initialized constant JPG
DEPRECATION WARNING: exempt_from_layout is no longer needed, because layouts in Rails 3 are restricted to the content-type of the template that was rendered. (called from require at /Users/jeremysenn/.rvm/gems/ruby-1.8.7-p352@global/gems/bundler-1.0.21/lib/bundler/runtime.rb:68)
/Users/jeremysenn/.rvm/gems/ruby-1.8.7-p352@rails304/gems/actionpack-3.0.4/lib/action_dispatch/http/mime_type.rb:98: warning: already initialized constant JPG
DEPRECATION WARNING: exempt_from_layout is no longer needed, because layouts in Rails 3 are restricted to the content-type of the template that was rendered. (called from require at /Users/jeremysenn/.rvm/gems/ruby-1.8.7-p352@global/gems/bundler-1.0.21/lib/bundler/runtime.rb:68)
/Users/jeremysenn/.rvm/gems/ruby-1.8.7-p352@rails304/gems/actionpack-3.0.4/lib/action_dispatch/http/mime_type.rb:98: warning: already initialized constant JPG
DEPRECATION WARNING: exempt_from_layout is no longer needed, because layouts in Rails 3 are restricted to the content-type of the template that was rendered. (called from require at /Users/jeremysenn/.rvm/gems/ruby-1.8.7-p352@global/gems/bundler-1.0.21/lib/bundler/runtime.rb:68)
/Users/jeremysenn/.rvm/gems/ruby-1.8.7-p352@rails304/gems/actionpack-3.0.4/lib/action_dispatch/http/mime_type.rb:98: warning: already initialized constant JPG
DEPRECATION WARNING: exempt_from_layout is no longer needed, because layouts in Rails 3 are restricted to the content-type of the template that was rendered. (called from require at /Users/jeremysenn/.rvm/gems/ruby-1.8.7-p352@global/gems/bundler-1.0.21/lib/bundler/runtime.rb:68)
/Users/jeremysenn/.rvm/gems/ruby-1.8.7-p352@rails304/gems/actionpack-3.0.4/lib/action_dispatch/http/mime_type.rb:98: warning: already initialized constant JPG
DEPRECATION WARNING: exempt_from_layout is no longer needed, because layouts in Rails 3 are restricted to the content-type of the template that was rendered. (called from require at /Users/jeremysenn/.rvm/gems/ruby-1.8.7-p352@global/gems/bundler-1.0.21/lib/bundler/runtime.rb:68)
/Users/jeremysenn/.rvm/gems/ruby-1.8.7-p352@rails304/gems/actionpack-3.0.4/lib/action_dispatch/http/mime_type.rb:98: warning: already initialized constant JPG
DEPRECATION WARNING: exempt_from_layout is no longer needed, because layouts in Rails 3 are restricted to the content-type of the template that was rendered. (called from require at /Users/jeremysenn/.rvm/gems/ruby-1.8.7-p352@global/gems/bundler-1.0.21/lib/bundler/runtime.rb:68)
/Users/jeremysenn/.rvm/gems/ruby-1.8.7-p352@rails304/gems/actionpack-3.0.4/lib/action_dispatch/http/mime_type.rb:98: warning: already initialized constant JPG
DEPRECATION WARNING: exempt_from_layout is no longer needed, because layouts in Rails 3 are restricted to the content-type of the template that was rendered. (called from require at /Users/jeremysenn/.rvm/gems/ruby-1.8.7-p352@global/gems/bundler-1.0.21/lib/bundler/runtime.rb:68)
/Users/jeremysenn/.rvm/gems/ruby-1.8.7-p352@rails304/gems/actionpack-3.0.4/lib/action_dispatch/http/mime_type.rb:98: warning: already initialized constant JPG
DEPRECATION WARNING: exempt_from_layout is no longer needed, because layouts in Rails 3 are restricted to the content-type of the template that was rendered. (called from require at /Users/jeremysenn/.rvm/gems/ruby-1.8.7-p352@global/gems/bundler-1.0.21/lib/bundler/runtime.rb:68)
/Users/jeremysenn/.rvm/gems/ruby-1.8.7-p352@rails304/gems/actionpack-3.0.4/lib/action_dispatch/http/mime_type.rb:98: warning: already initialized constant JPG
DEPRECATION WARNING: exempt_from_layout is no longer needed, because layouts in Rails 3 are restricted to the content-type of the template that was rendered. (called from require at /Users/jeremysenn/.rvm/gems/ruby-1.8.7-p352@global/gems/bundler-1.0.21/lib/bundler/runtime.rb:68)
/Users/jeremysenn/.rvm/gems/ruby-1.8.7-p352@rails304/gems/actionpack-3.0.4/lib/action_dispatch/http/mime_type.rb:98: warning: already initialized constant JPG
DEPRECATION WARNING: exempt_from_layout is no longer needed, because layouts in Rails 3 are restricted to the content-type of the template that was rendered. (called from require at /Users/jeremysenn/.rvm/gems/ruby-1.8.7-p352@global/gems/bundler-1.0.21/lib/bundler/runtime.rb:68)
/Users/jeremysenn/.rvm/gems/ruby-1.8.7-p352@rails304/gems/actionpack-3.0.4/lib/action_dispatch/http/mime_type.rb:98: warning: already initialized constant JPG
DEPRECATION WARNING: exempt_from_layout is no longer needed, because layouts in Rails 3 are restricted to the content-type of the template that was rendered. (called from require at /Users/jeremysenn/.rvm/gems/ruby-1.8.7-p352@global/gems/bundler-1.0.21/lib/bundler/runtime.rb:68)
/Users/jeremysenn/.rvm/gems/ruby-1.8.7-p352@rails304/gems/actionpack-3.0.4/lib/action_dispatch/http/mime_type.rb:98: warning: already initialized constant JPG
DEPRECATION WARNING: exempt_from_layout is no longer needed, because layouts in Rails 3 are restricted to the content-type of the template that was rendered. (called from require at /Users/jeremysenn/.rvm/gems/ruby-1.8.7-p352@global/gems/bundler-1.0.21/lib/bundler/runtime.rb:68)
/Users/jeremysenn/.rvm/gems/ruby-1.8.7-p352@rails304/gems/actionpack-3.0.4/lib/action_dispatch/http/mime_type.rb:98: warning: already initialized constant JPG
DEPRECATION WARNING: exempt_from_layout is no longer needed, because layouts in Rails 3 are restricted to the content-type of the template that was rendered. (called from require at /Users/jeremysenn/.rvm/gems/ruby-1.8.7-p352@global/gems/bundler-1.0.21/lib/bundler/runtime.rb:68)
/Users/jeremysenn/.rvm/gems/ruby-1.8.7-p352@rails304/gems/actionpack-3.0.4/lib/action_dispatch/http/mime_type.rb:98: warning: already initialized constant JPG
/Users/jeremysenn/.rvm/gems/ruby-1.8.7-p352@rails304/gems/railties-3.0.4/lib/rails/commands/runner.rb:50: undefined local variable or method `workouts_sessions' for #<Class:0x105d086e8> (NameError)
	from /Users/jeremysenn/RubyProjects/TrainingTracker/app/models/workout_session.rb:43:in `send_reminder'
	from (eval):1
	from /Users/jeremysenn/.rvm/gems/ruby-1.8.7-p352@rails304/gems/railties-3.0.4/lib/rails/commands.rb:39:in `eval'
	from /Users/jeremysenn/.rvm/gems/ruby-1.8.7-p352@rails304/gems/railties-3.0.4/lib/rails/commands/runner.rb:50
	from /Users/jeremysenn/.rvm/gems/ruby-1.8.7-p352@rails304/gems/railties-3.0.4/lib/rails/commands.rb:39:in `require'
	from /Users/jeremysenn/.rvm/gems/ruby-1.8.7-p352@rails304/gems/railties-3.0.4/lib/rails/commands.rb:39
	from script/rails:6:in `require'
	from script/rails:6
DEPRECATION WARNING: exempt_from_layout is no longer needed, because layouts in Rails 3 are restricted to the content-type of the template that was rendered. (called from require at /Users/jeremysenn/.rvm/gems/ruby-1.8.7-p352@global/gems/bundler-1.0.21/lib/bundler/runtime.rb:68)
/Users/jeremysenn/.rvm/gems/ruby-1.8.7-p352@rails304/gems/actionpack-3.0.4/lib/action_dispatch/http/mime_type.rb:98: warning: already initialized constant JPG
/Users/jeremysenn/.rvm/gems/ruby-1.8.7-p352@rails304/gems/railties-3.0.4/lib/rails/commands/runner.rb:50: undefined local variable or method `workouts_sessions' for #<Class:0x105d086e8> (NameError)
	from /Users/jeremysenn/RubyProjects/TrainingTracker/app/models/workout_session.rb:43:in `send_reminder'
	from (eval):1
	from /Users/jeremysenn/.rvm/gems/ruby-1.8.7-p352@rails304/gems/railties-3.0.4/lib/rails/commands.rb:39:in `eval'
	from /Users/jeremysenn/.rvm/gems/ruby-1.8.7-p352@rails304/gems/railties-3.0.4/lib/rails/commands/runner.rb:50
	from /Users/jeremysenn/.rvm/gems/ruby-1.8.7-p352@rails304/gems/railties-3.0.4/lib/rails/commands.rb:39:in `require'
	from /Users/jeremysenn/.rvm/gems/ruby-1.8.7-p352@rails304/gems/railties-3.0.4/lib/rails/commands.rb:39
	from script/rails:6:in `require'
	from script/rails:6
DEPRECATION WARNING: exempt_from_layout is no longer needed, because layouts in Rails 3 are restricted to the content-type of the template that was rendered. (called from require at /Users/jeremysenn/.rvm/gems/ruby-1.8.7-p352@global/gems/bundler-1.0.21/lib/bundler/runtime.rb:68)
/Users/jeremysenn/.rvm/gems/ruby-1.8.7-p352@rails304/gems/actionpack-3.0.4/lib/action_dispatch/http/mime_type.rb:98: warning: already initialized constant JPG
DEPRECATION WARNING: exempt_from_layout is no longer needed, because layouts in Rails 3 are restricted to the content-type of the template that was rendered. (called from require at /Users/jeremysenn/.rvm/gems/ruby-1.8.7-p352@global/gems/bundler-1.0.21/lib/bundler/runtime.rb:68)
/Users/jeremysenn/.rvm/gems/ruby-1.8.7-p352@rails304/gems/actionpack-3.0.4/lib/action_dispatch/http/mime_type.rb:98: warning: already initialized constant JPG
DEPRECATION WARNING: exempt_from_layout is no longer needed, because layouts in Rails 3 are restricted to the content-type of the template that was rendered. (called from require at /Users/jeremysenn/.rvm/gems/ruby-1.8.7-p352@global/gems/bundler-1.0.21/lib/bundler/runtime.rb:68)
/Users/jeremysenn/.rvm/gems/ruby-1.8.7-p352@rails304/gems/actionpack-3.0.4/lib/action_dispatch/http/mime_type.rb:98: warning: already initialized constant JPG
DEPRECATION WARNING: exempt_from_layout is no longer needed, because layouts in Rails 3 are restricted to the content-type of the template that was rendered. (called from require at /Users/jeremysenn/.rvm/gems/ruby-1.8.7-p352@global/gems/bundler-1.0.21/lib/bundler/runtime.rb:68)
/Users/jeremysenn/.rvm/gems/ruby-1.8.7-p352@rails304/gems/actionpack-3.0.4/lib/action_dispatch/http/mime_type.rb:98: warning: already initialized constant JPG
DEPRECATION WARNING: exempt_from_layout is no longer needed, because layouts in Rails 3 are restricted to the content-type of the template that was rendered. (called from require at /Users/jeremysenn/.rvm/gems/ruby-1.8.7-p352@global/gems/bundler-1.0.21/lib/bundler/runtime.rb:68)
/Users/jeremysenn/.rvm/gems/ruby-1.8.7-p352@rails304/gems/actionpack-3.0.4/lib/action_dispatch/http/mime_type.rb:98: warning: already initialized constant JPG
DEPRECATION WARNING: exempt_from_layout is no longer needed, because layouts in Rails 3 are restricted to the content-type of the template that was rendered. (called from require at /Users/jeremysenn/.rvm/gems/ruby-1.8.7-p352@global/gems/bundler-1.0.21/lib/bundler/runtime.rb:68)
/Users/jeremysenn/.rvm/gems/ruby-1.8.7-p352@rails304/gems/actionpack-3.0.4/lib/action_dispatch/http/mime_type.rb:98: warning: already initialized constant JPG
DEPRECATION WARNING: exempt_from_layout is no longer needed, because layouts in Rails 3 are restricted to the content-type of the template that was rendered. (called from require at /Users/jeremysenn/.rvm/gems/ruby-1.8.7-p352@global/gems/bundler-1.0.21/lib/bundler/runtime.rb:68)
/Users/jeremysenn/.rvm/gems/ruby-1.8.7-p352@rails304/gems/actionpack-3.0.4/lib/action_dispatch/http/mime_type.rb:98: warning: already initialized constant JPG
DEPRECATION WARNING: exempt_from_layout is no longer needed, because layouts in Rails 3 are restricted to the content-type of the template that was rendered. (called from require at /Users/jeremysenn/.rvm/gems/ruby-1.8.7-p352@global/gems/bundler-1.0.21/lib/bundler/runtime.rb:68)
/Users/jeremysenn/.rvm/gems/ruby-1.8.7-p352@rails304/gems/actionpack-3.0.4/lib/action_dispatch/http/mime_type.rb:98: warning: already initialized constant JPG
DEPRECATION WARNING: exempt_from_layout is no longer needed, because layouts in Rails 3 are restricted to the content-type of the template that was rendered. (called from require at /Users/jeremysenn/.rvm/gems/ruby-1.8.7-p352@global/gems/bundler-1.0.21/lib/bundler/runtime.rb:68)
/Users/jeremysenn/.rvm/gems/ruby-1.8.7-p352@rails304/gems/actionpack-3.0.4/lib/action_dispatch/http/mime_type.rb:98: warning: already initialized constant JPG
DEPRECATION WARNING: exempt_from_layout is no longer needed, because layouts in Rails 3 are restricted to the content-type of the template that was rendered. (called from require at /Users/jeremysenn/.rvm/gems/ruby-1.8.7-p352@global/gems/bundler-1.0.21/lib/bundler/runtime.rb:68)
/Users/jeremysenn/.rvm/gems/ruby-1.8.7-p352@rails304/gems/actionpack-3.0.4/lib/action_dispatch/http/mime_type.rb:98: warning: already initialized constant JPG
DEPRECATION WARNING: exempt_from_layout is no longer needed, because layouts in Rails 3 are restricted to the content-type of the template that was rendered. (called from require at /Users/jeremysenn/.rvm/gems/ruby-1.8.7-p352@global/gems/bundler-1.0.21/lib/bundler/runtime.rb:68)
/Users/jeremysenn/.rvm/gems/ruby-1.8.7-p352@rails304/gems/actionpack-3.0.4/lib/action_dispatch/http/mime_type.rb:98: warning: already initialized constant JPG
DEPRECATION WARNING: exempt_from_layout is no longer needed, because layouts in Rails 3 are restricted to the content-type of the template that was rendered. (called from require at /Users/jeremysenn/.rvm/gems/ruby-1.8.7-p352@global/gems/bundler-1.0.21/lib/bundler/runtime.rb:68)
/Users/jeremysenn/.rvm/gems/ruby-1.8.7-p352@rails304/gems/actionpack-3.0.4/lib/action_dispatch/http/mime_type.rb:98: warning: already initialized constant JPG
DEPRECATION WARNING: exempt_from_layout is no longer needed, because layouts in Rails 3 are restricted to the content-type of the template that was rendered. (called from require at /Users/jeremysenn/.rvm/gems/ruby-1.8.7-p352@global/gems/bundler-1.0.21/lib/bundler/runtime.rb:68)
/Users/jeremysenn/.rvm/gems/ruby-1.8.7-p352@rails304/gems/actionpack-3.0.4/lib/action_dispatch/http/mime_type.rb:98: warning: already initialized constant JPG
DEPRECATION WARNING: exempt_from_layout is no longer needed, because layouts in Rails 3 are restricted to the content-type of the template that was rendered. (called from require at /Users/jeremysenn/.rvm/gems/ruby-1.8.7-p352@global/gems/bundler-1.0.21/lib/bundler/runtime.rb:68)
/Users/jeremysenn/.rvm/gems/ruby-1.8.7-p352@rails304/gems/actionpack-3.0.4/lib/action_dispatch/http/mime_type.rb:98: warning: already initialized constant JPG
DEPRECATION WARNING: exempt_from_layout is no longer needed, because layouts in Rails 3 are restricted to the content-type of the template that was rendered. (called from require at /Users/jeremysenn/.rvm/gems/ruby-1.8.7-p352@global/gems/bundler-1.0.21/lib/bundler/runtime.rb:68)
/Users/jeremysenn/.rvm/gems/ruby-1.8.7-p352@rails304/gems/actionpack-3.0.4/lib/action_dispatch/http/mime_type.rb:98: warning: already initialized constant JPG
DEPRECATION WARNING: exempt_from_layout is no longer needed, because layouts in Rails 3 are restricted to the content-type of the template that was rendered. (called from require at /Users/jeremysenn/.rvm/gems/ruby-1.8.7-p352@global/gems/bundler-1.0.21/lib/bundler/runtime.rb:68)
/Users/jeremysenn/.rvm/gems/ruby-1.8.7-p352@rails304/gems/actionpack-3.0.4/lib/action_dispatch/http/mime_type.rb:98: warning: already initialized constant JPG
DEPRECATION WARNING: exempt_from_layout is no longer needed, because layouts in Rails 3 are restricted to the content-type of the template that was rendered. (called from require at /Users/jeremysenn/.rvm/gems/ruby-1.8.7-p352@global/gems/bundler-1.0.21/lib/bundler/runtime.rb:68)
/Users/jeremysenn/.rvm/gems/ruby-1.8.7-p352@rails304/gems/actionpack-3.0.4/lib/action_dispatch/http/mime_type.rb:98: warning: already initialized constant JPG
DEPRECATION WARNING: exempt_from_layout is no longer needed, because layouts in Rails 3 are restricted to the content-type of the template that was rendered. (called from require at /Users/jeremysenn/.rvm/gems/ruby-1.8.7-p352@global/gems/bundler-1.0.21/lib/bundler/runtime.rb:68)
/Users/jeremysenn/.rvm/gems/ruby-1.8.7-p352@rails304/gems/actionpack-3.0.4/lib/action_dispatch/http/mime_type.rb:98: warning: already initialized constant JPG
DEPRECATION WARNING: exempt_from_layout is no longer needed, because layouts in Rails 3 are restricted to the content-type of the template that was rendered. (called from require at /Users/jeremysenn/.rvm/gems/ruby-1.8.7-p352@global/gems/bundler-1.0.21/lib/bundler/runtime.rb:68)
/Users/jeremysenn/.rvm/gems/ruby-1.8.7-p352@rails304/gems/actionpack-3.0.4/lib/action_dispatch/http/mime_type.rb:98: warning: already initialized constant JPG
DEPRECATION WARNING: exempt_from_layout is no longer needed, because layouts in Rails 3 are restricted to the content-type of the template that was rendered. (called from require at /Users/jeremysenn/.rvm/gems/ruby-1.8.7-p352@global/gems/bundler-1.0.21/lib/bundler/runtime.rb:68)
/Users/jeremysenn/.rvm/gems/ruby-1.8.7-p352@rails304/gems/actionpack-3.0.4/lib/action_dispatch/http/mime_type.rb:98: warning: already initialized constant JPG
DEPRECATION WARNING: exempt_from_layout is no longer needed, because layouts in Rails 3 are restricted to the content-type of the template that was rendered. (called from require at /Users/jeremysenn/.rvm/gems/ruby-1.8.7-p352@global/gems/bundler-1.0.21/lib/bundler/runtime.rb:68)
/Users/jeremysenn/.rvm/gems/ruby-1.8.7-p352@rails304/gems/actionpack-3.0.4/lib/action_dispatch/http/mime_type.rb:98: warning: already initialized constant JPG
DEPRECATION WARNING: exempt_from_layout is no longer needed, because layouts in Rails 3 are restricted to the content-type of the template that was rendered. (called from require at /Users/jeremysenn/.rvm/gems/ruby-1.8.7-p352@global/gems/bundler-1.0.21/lib/bundler/runtime.rb:68)
/Users/jeremysenn/.rvm/gems/ruby-1.8.7-p352@rails304/gems/actionpack-3.0.4/lib/action_dispatch/http/mime_type.rb:98: warning: already initialized constant JPG
DEPRECATION WARNING: exempt_from_layout is no longer needed, because layouts in Rails 3 are restricted to the content-type of the template that was rendered. (called from require at /Users/jeremysenn/.rvm/gems/ruby-1.8.7-p352@global/gems/bundler-1.0.21/lib/bundler/runtime.rb:68)
/Users/jeremysenn/.rvm/gems/ruby-1.8.7-p352@rails304/gems/actionpack-3.0.4/lib/action_dispatch/http/mime_type.rb:98: warning: already initialized constant JPG
DEPRECATION WARNING: exempt_from_layout is no longer needed, because layouts in Rails 3 are restricted to the content-type of the template that was rendered. (called from require at /Users/jeremysenn/.rvm/gems/ruby-1.8.7-p352@global/gems/bundler-1.0.21/lib/bundler/runtime.rb:68)
/Users/jeremysenn/.rvm/gems/ruby-1.8.7-p352@rails304/gems/actionpack-3.0.4/lib/action_dispatch/http/mime_type.rb:98: warning: already initialized constant JPG
DEPRECATION WARNING: exempt_from_layout is no longer needed, because layouts in Rails 3 are restricted to the content-type of the template that was rendered. (called from require at /Users/jeremysenn/.rvm/gems/ruby-1.8.7-p352@global/gems/bundler-1.0.21/lib/bundler/runtime.rb:68)
/Users/jeremysenn/.rvm/gems/ruby-1.8.7-p352@rails304/gems/actionpack-3.0.4/lib/action_dispatch/http/mime_type.rb:98: warning: already initialized constant JPG
